<?xml version="1.0" encoding="UTF-8"?>
<testsuite xmlns:xsi="http://www.w3.org/2001/XMLSchema-instance" xsi:noNamespaceSchemaLocation="https://maven.apache.org/surefire/maven-surefire-plugin/xsd/surefire-test-report.xsd" name="guru.sfg.beer.order.service.services.Beer.BeerServiceRestTemplateImplTest" time="1.944" tests="1" errors="1" skipped="0" failures="0">
  <properties>
[...]
</properties>
  <testcase name="getOnhandBeerData" classname="guru.sfg.beer.order.service.services.Beer.BeerServiceRestTemplateImplTest" time="0.028">
    <error type="java.lang.NullPointerException">java.lang.NullPointerException
	at guru.sfg.beer.order.service.services.Beer.BeerServiceRestTemplateImplTest.getOnhandBeerData(BeerServiceRestTemplateImplTest.java:29)
</error>
    <system-out><![CDATA[2020-07-01 15:51:36.830  INFO 86024 --- [           main] .b.t.c.SpringBootTestContextBootstrapper : Neither @ContextConfiguration nor @ContextHierarchy found for test class [guru.sfg.beer.order.service.services.Beer.BeerServiceRestTemplateImplTest], using SpringBootContextLoader
2020-07-01 15:51:36.831  INFO 86024 --- [           main] o.s.t.c.support.AbstractContextLoader    : Could not detect default resource locations for test class [guru.sfg.beer.order.service.services.Beer.BeerServiceRestTemplateImplTest]: no resource found for suffixes {-context.xml, Context.groovy}.
2020-07-01 15:51:36.832  INFO 86024 --- [           main] t.c.s.AnnotationConfigContextLoaderUtils : Could not detect default configuration classes for test class [guru.sfg.beer.order.service.services.Beer.BeerServiceRestTemplateImplTest]: BeerServiceRestTemplateImplTest does not declare any static, non-private, non-final, nested classes annotated with @Configuration.
2020-07-01 15:51:36.845  INFO 86024 --- [           main] .b.t.c.SpringBootTestContextBootstrapper : Found @SpringBootConfiguration guru.sfg.beer.order.service.BeerOrderServiceApplication for test class guru.sfg.beer.order.service.services.Beer.BeerServiceRestTemplateImplTest
2020-07-01 15:51:36.847  INFO 86024 --- [           main] .b.t.c.SpringBootTestContextBootstrapper : Loaded default TestExecutionListener class names from location [META-INF/spring.factories]: [org.springframework.boot.test.mock.mockito.MockitoTestExecutionListener, org.springframework.boot.test.mock.mockito.ResetMocksTestExecutionListener, org.springframework.boot.test.autoconfigure.restdocs.RestDocsTestExecutionListener, org.springframework.boot.test.autoconfigure.web.client.MockRestServiceServerResetTestExecutionListener, org.springframework.boot.test.autoconfigure.web.servlet.MockMvcPrintOnlyOnFailureTestExecutionListener, org.springframework.boot.test.autoconfigure.web.servlet.WebDriverTestExecutionListener, org.springframework.boot.test.autoconfigure.webservices.client.MockWebServiceServerTestExecutionListener, org.springframework.test.context.web.ServletTestExecutionListener, org.springframework.test.context.support.DirtiesContextBeforeModesTestExecutionListener, org.springframework.test.context.support.DependencyInjectionTestExecutionListener, org.springframework.test.context.support.DirtiesContextTestExecutionListener, org.springframework.test.context.transaction.TransactionalTestExecutionListener, org.springframework.test.context.jdbc.SqlScriptsTestExecutionListener, org.springframework.test.context.event.EventPublishingTestExecutionListener]
2020-07-01 15:51:36.847  INFO 86024 --- [           main] .b.t.c.SpringBootTestContextBootstrapper : Using TestExecutionListeners: [org.springframework.test.context.web.ServletTestExecutionListener@f4d391c, org.springframework.test.context.support.DirtiesContextBeforeModesTestExecutionListener@470b5213, org.springframework.boot.test.mock.mockito.MockitoTestExecutionListener@2fa2143d, org.springframework.boot.test.autoconfigure.SpringBootDependencyInjectionTestExecutionListener@64887fbc, org.springframework.test.context.support.DirtiesContextTestExecutionListener@26b3fe8, org.springframework.test.context.transaction.TransactionalTestExecutionListener@1f6d7e7c, org.springframework.test.context.jdbc.SqlScriptsTestExecutionListener@20518250, org.springframework.test.context.event.EventPublishingTestExecutionListener@7836c79, org.springframework.boot.test.mock.mockito.ResetMocksTestExecutionListener@5ccc971e, org.springframework.boot.test.autoconfigure.restdocs.RestDocsTestExecutionListener@28269c65, org.springframework.boot.test.autoconfigure.web.client.MockRestServiceServerResetTestExecutionListener@4c9d833, org.springframework.boot.test.autoconfigure.web.servlet.MockMvcPrintOnlyOnFailureTestExecutionListener@18b58c77, org.springframework.boot.test.autoconfigure.web.servlet.WebDriverTestExecutionListener@20f99c18, org.springframework.boot.test.autoconfigure.webservices.client.MockWebServiceServerTestExecutionListener@3c20e9d6]

  .   ____          _            __ _ _
 /\\ / ___'_ __ _ _(_)_ __  __ _ \ \ \ \
( ( )\___ | '_ | '_| | '_ \/ _` | \ \ \ \
 \\/  ___)| |_)| | | | | || (_| |  ) ) ) )
  '  |____| .__|_| |_|_| |_\__, | / / / /
 =========|_|==============|___/=/_/_/_/
 :: Spring Boot ::        (v2.3.1.RELEASE)

2020-07-01 15:51:36.875  INFO 86024 --- [           main] .o.s.s.B.BeerServiceRestTemplateImplTest : Starting BeerServiceRestTemplateImplTest on Liors-MacBook-Pro.local with PID 86024 (started by liorlavon in /Users/liorlavon/Documents/Java/mssc-workspace/mssc-beer-order-service)
2020-07-01 15:51:36.875 DEBUG 86024 --- [           main] .o.s.s.B.BeerServiceRestTemplateImplTest : Running with Spring Boot v2.3.1.RELEASE, Spring v5.2.7.RELEASE
2020-07-01 15:51:36.875  INFO 86024 --- [           main] .o.s.s.B.BeerServiceRestTemplateImplTest : No active profile set, falling back to default profiles: default
2020-07-01 15:51:37.257  INFO 86024 --- [           main] .s.d.r.c.RepositoryConfigurationDelegate : Bootstrapping Spring Data JPA repositories in DEFERRED mode.
2020-07-01 15:51:37.275  INFO 86024 --- [           main] .s.d.r.c.RepositoryConfigurationDelegate : Finished Spring Data repository scanning in 18ms. Found 3 JPA repository interfaces.
2020-07-01 15:51:37.627 DEBUG 86024 --- [           main] com.zaxxer.hikari.HikariConfig           : Driver class org.h2.Driver found in Thread context class loader jdk.internal.loader.ClassLoaders$AppClassLoader@5ffd2b27
2020-07-01 15:51:37.689  INFO 86024 --- [           main] o.s.s.c.ThreadPoolTaskScheduler          : Initializing ExecutorService 'taskScheduler'
2020-07-01 15:51:37.694 DEBUG 86024 --- [           main] com.zaxxer.hikari.HikariConfig           : HikariPool-2 - configuration:
2020-07-01 15:51:37.695 DEBUG 86024 --- [           main] com.zaxxer.hikari.HikariConfig           : allowPoolSuspension.............false
2020-07-01 15:51:37.695 DEBUG 86024 --- [           main] com.zaxxer.hikari.HikariConfig           : autoCommit......................true
2020-07-01 15:51:37.695 DEBUG 86024 --- [           main] com.zaxxer.hikari.HikariConfig           : catalog.........................none
2020-07-01 15:51:37.695 DEBUG 86024 --- [           main] com.zaxxer.hikari.HikariConfig           : connectionInitSql...............none
2020-07-01 15:51:37.695 DEBUG 86024 --- [           main] com.zaxxer.hikari.HikariConfig           : connectionTestQuery.............none
2020-07-01 15:51:37.695 DEBUG 86024 --- [           main] com.zaxxer.hikari.HikariConfig           : connectionTimeout...............30000
2020-07-01 15:51:37.695 DEBUG 86024 --- [           main] com.zaxxer.hikari.HikariConfig           : dataSource......................none
2020-07-01 15:51:37.696 DEBUG 86024 --- [           main] com.zaxxer.hikari.HikariConfig           : dataSourceClassName.............none
2020-07-01 15:51:37.696 DEBUG 86024 --- [           main] com.zaxxer.hikari.HikariConfig           : dataSourceJNDI..................none
2020-07-01 15:51:37.696 DEBUG 86024 --- [           main] com.zaxxer.hikari.HikariConfig           : dataSourceProperties............{maintainTimeStats=false, password=<masked>, rewriteBatchedStatements=true, prepStmtCacheSqlLimit=2048, elideSetAutoCommits=true, cacheResultSetMetadata=true, cachePrepStmts=true, prepStmtCacheSize=250, useServerPrepStmts=true, useLocalSessionState=true, cacheServerConfiguration=true}
2020-07-01 15:51:37.696 DEBUG 86024 --- [           main] com.zaxxer.hikari.HikariConfig           : driverClassName................."org.h2.Driver"
2020-07-01 15:51:37.696 DEBUG 86024 --- [           main] com.zaxxer.hikari.HikariConfig           : exceptionOverrideClassName......none
2020-07-01 15:51:37.696 DEBUG 86024 --- [           main] com.zaxxer.hikari.HikariConfig           : healthCheckProperties...........{}
2020-07-01 15:51:37.696 DEBUG 86024 --- [           main] com.zaxxer.hikari.HikariConfig           : healthCheckRegistry.............none
2020-07-01 15:51:37.696 DEBUG 86024 --- [           main] com.zaxxer.hikari.HikariConfig           : idleTimeout.....................600000
2020-07-01 15:51:37.696 DEBUG 86024 --- [           main] com.zaxxer.hikari.HikariConfig           : initializationFailTimeout.......1
2020-07-01 15:51:37.696 DEBUG 86024 --- [           main] com.zaxxer.hikari.HikariConfig           : isolateInternalQueries..........false
2020-07-01 15:51:37.696 DEBUG 86024 --- [           main] com.zaxxer.hikari.HikariConfig           : jdbcUrl.........................jdbc:h2:mem:testdb
2020-07-01 15:51:37.697 DEBUG 86024 --- [           main] com.zaxxer.hikari.HikariConfig           : leakDetectionThreshold..........0
2020-07-01 15:51:37.697 DEBUG 86024 --- [           main] com.zaxxer.hikari.HikariConfig           : maxLifetime.....................1800000
2020-07-01 15:51:37.697 DEBUG 86024 --- [           main] com.zaxxer.hikari.HikariConfig           : maximumPoolSize.................5
2020-07-01 15:51:37.697 DEBUG 86024 --- [           main] com.zaxxer.hikari.HikariConfig           : metricRegistry..................none
2020-07-01 15:51:37.697 DEBUG 86024 --- [           main] com.zaxxer.hikari.HikariConfig           : metricsTrackerFactory...........none
2020-07-01 15:51:37.697 DEBUG 86024 --- [           main] com.zaxxer.hikari.HikariConfig           : minimumIdle.....................5
2020-07-01 15:51:37.697 DEBUG 86024 --- [           main] com.zaxxer.hikari.HikariConfig           : password........................<masked>
2020-07-01 15:51:37.697 DEBUG 86024 --- [           main] com.zaxxer.hikari.HikariConfig           : poolName........................"HikariPool-2"
2020-07-01 15:51:37.697 DEBUG 86024 --- [           main] com.zaxxer.hikari.HikariConfig           : readOnly........................false
2020-07-01 15:51:37.697 DEBUG 86024 --- [           main] com.zaxxer.hikari.HikariConfig           : registerMbeans..................false
2020-07-01 15:51:37.697 DEBUG 86024 --- [           main] com.zaxxer.hikari.HikariConfig           : scheduledExecutor...............none
2020-07-01 15:51:37.697 DEBUG 86024 --- [           main] com.zaxxer.hikari.HikariConfig           : schema..........................none
2020-07-01 15:51:37.698 DEBUG 86024 --- [           main] com.zaxxer.hikari.HikariConfig           : threadFactory...................internal
2020-07-01 15:51:37.698 DEBUG 86024 --- [           main] com.zaxxer.hikari.HikariConfig           : transactionIsolation............default
2020-07-01 15:51:37.698 DEBUG 86024 --- [           main] com.zaxxer.hikari.HikariConfig           : username........................"sa"
2020-07-01 15:51:37.698 DEBUG 86024 --- [           main] com.zaxxer.hikari.HikariConfig           : validationTimeout...............5000
2020-07-01 15:51:37.698  INFO 86024 --- [           main] com.zaxxer.hikari.HikariDataSource       : HikariPool-2 - Starting...
2020-07-01 15:51:37.699  INFO 86024 --- [           main] com.zaxxer.hikari.HikariDataSource       : HikariPool-2 - Start completed.
2020-07-01 15:51:37.720  INFO 86024 --- [   scheduling-1] o.hibernate.jpa.internal.util.LogHelper  : HHH000204: Processing PersistenceUnitInfo [name: default]
2020-07-01 15:51:37.734  INFO 86024 --- [   scheduling-1] org.hibernate.dialect.Dialect            : HHH000400: Using dialect: org.hibernate.dialect.H2Dialect
2020-07-01 15:51:37.910  INFO 86024 --- [   scheduling-1] o.h.e.t.j.p.i.JtaPlatformInitiator       : HHH000490: Using JtaPlatform implementation: [org.hibernate.engine.transaction.jta.platform.internal.NoJtaPlatform]
2020-07-01 15:51:37.910  INFO 86024 --- [   scheduling-1] j.LocalContainerEntityManagerFactoryBean : Initialized JPA EntityManagerFactory for persistence unit 'default'
2020-07-01 15:51:38.019  WARN 86024 --- [           main] JpaBaseConfiguration$JpaWebConfiguration : spring.jpa.open-in-view is enabled by default. Therefore, database queries may be performed during view rendering. Explicitly configure spring.jpa.open-in-view to disable this warning
2020-07-01 15:51:38.418 ERROR 86024 --- [   scheduling-1] g.s.b.o.s.services.TastingRoomService    : Too many or too few tasting room customers found
2020-07-01 15:51:38.560  INFO 86024 --- [           main] o.s.b.a.h2.H2ConsoleAutoConfiguration    : H2 console available at '/h2-console'. Database available at 'jdbc:h2:mem:testdb'
2020-07-01 15:51:38.634  INFO 86024 --- [           main] o.s.b.a.e.web.EndpointLinksResolver      : Exposing 2 endpoint(s) beneath base path '/actuator'
2020-07-01 15:51:38.671  INFO 86024 --- [           main] DeferredRepositoryInitializationListener : Triggering deferred initialization of Spring Data repositories?
2020-07-01 15:51:38.753  INFO 86024 --- [           main] DeferredRepositoryInitializationListener : Spring Data repositories initialized!
2020-07-01 15:51:38.759  INFO 86024 --- [           main] .o.s.s.B.BeerServiceRestTemplateImplTest : Started BeerServiceRestTemplateImplTest in 1.91 seconds (JVM running for 9.812)
2020-07-01 15:51:38.764 ERROR 86024 --- [   scheduling-1] g.s.b.o.s.services.TastingRoomService    : Too many or too few tasting room customers found
2020-07-01 15:51:38.767 DEBUG 86024 --- [           main] g.s.b.o.s.bootstrap.BeerOrderBootStrap   : Customer : a00ce523-971c-4d69-aecb-c6edfe063dc2
]]></system-out>
  </testcase>
</testsuite>